
; Multi2Sim 4.2 - A Simulation Framework for CPU-GPU Heterogeneous Computing
; Please use command 'm2s --help' for a list of command-line options.
; Simulation alpha-numeric ID: wcKsd


;
; Simulation Statistics Summary
;

[ General ]
RealTime = 888.30 [s]
SimEnd = x86MaxInst
SimTime = 387004330.00 [ns]
Frequency = 1000 [MHz]
Cycles = 387004331

[ x86 ]
RealTime = 888.30 [s]
Instructions = 126928053
InstructionsPerSecond = 142889
Contexts = 1
Memory = 13307904
FastForwardInstructions = 0
CommittedInstructions = 100000002
CommittedInstructionsPerCycle = 0.2584
CommittedMicroInstructions = 184102365
CommittedMicroInstructionsPerCycle = 0.4757
BranchPredictionAccuracy = 0.9743
SimTime = 387004329.00 [ns]
Frequency = 1000 [MHz]
Cycles = 387004329
CyclesPerSecond = 435668

