
; Multi2Sim 4.2 - A Simulation Framework for CPU-GPU Heterogeneous Computing
; Please use command 'm2s --help' for a list of command-line options.
; Simulation alpha-numeric ID: GKzaN


;
; Simulation Statistics Summary
;

[ General ]
RealTime = 888.97 [s]
SimEnd = x86MaxInst
SimTime = 386024932.00 [ns]
Frequency = 1000 [MHz]
Cycles = 386024933

[ x86 ]
RealTime = 888.97 [s]
Instructions = 125759379
InstructionsPerSecond = 141467
Contexts = 1
Memory = 13307904
FastForwardInstructions = 0
CommittedInstructions = 100000002
CommittedInstructionsPerCycle = 0.2591
CommittedMicroInstructions = 184102365
CommittedMicroInstructionsPerCycle = 0.4769
BranchPredictionAccuracy = 0.9753
SimTime = 386024931.00 [ns]
Frequency = 1000 [MHz]
Cycles = 386024931
CyclesPerSecond = 434240

