
; Multi2Sim 4.2 - A Simulation Framework for CPU-GPU Heterogeneous Computing
; Please use command 'm2s --help' for a list of command-line options.
; Simulation alpha-numeric ID: 5PPCO


;
; Simulation Statistics Summary
;

[ General ]
RealTime = 1345.69 [s]
SimEnd = x86MaxInst
SimTime = 542349323.00 [ns]
Frequency = 1000 [MHz]
Cycles = 542349324

[ x86 ]
RealTime = 1345.69 [s]
Instructions = 163417652
InstructionsPerSecond = 121438
Contexts = 1
Memory = 14180352
FastForwardInstructions = 0
CommittedInstructions = 100000000
CommittedInstructionsPerCycle = 0.1844
CommittedMicroInstructions = 179414336
CommittedMicroInstructionsPerCycle = 0.3308
BranchPredictionAccuracy = 0.8903
SimTime = 542349055.00 [ns]
Frequency = 1000 [MHz]
Cycles = 542349055
CyclesPerSecond = 403027

