
; Multi2Sim 4.2 - A Simulation Framework for CPU-GPU Heterogeneous Computing
; Please use command 'm2s --help' for a list of command-line options.
; Simulation alpha-numeric ID: 8XK6g


;
; Simulation Statistics Summary
;

[ General ]
RealTime = 924.97 [s]
SimEnd = x86MaxInst
SimTime = 386037035.00 [ns]
Frequency = 1000 [MHz]
Cycles = 386037036

[ x86 ]
RealTime = 924.96 [s]
Instructions = 125752694
InstructionsPerSecond = 135954
Contexts = 1
Memory = 13307904
FastForwardInstructions = 0
CommittedInstructions = 100000002
CommittedInstructionsPerCycle = 0.259
CommittedMicroInstructions = 184102365
CommittedMicroInstructionsPerCycle = 0.4769
BranchPredictionAccuracy = 0.9753
SimTime = 386037034.00 [ns]
Frequency = 1000 [MHz]
Cycles = 386037034
CyclesPerSecond = 417353

