
; Multi2Sim 4.2 - A Simulation Framework for CPU-GPU Heterogeneous Computing
; Please use command 'm2s --help' for a list of command-line options.
; Simulation alpha-numeric ID: eaEtb


;
; Simulation Statistics Summary
;

[ General ]
RealTime = 979.29 [s]
SimEnd = x86MaxInst
SimTime = 377568967.00 [ns]
Frequency = 1000 [MHz]
Cycles = 377568968

[ x86 ]
RealTime = 979.27 [s]
Instructions = 121761263
InstructionsPerSecond = 124339
Contexts = 1
Memory = 13307904
FastForwardInstructions = 0
CommittedInstructions = 100000002
CommittedInstructionsPerCycle = 0.2649
CommittedMicroInstructions = 184102365
CommittedMicroInstructionsPerCycle = 0.4876
BranchPredictionAccuracy = 0.9788
SimTime = 377568966.00 [ns]
Frequency = 1000 [MHz]
Cycles = 377568966
CyclesPerSecond = 385562

