
; Multi2Sim 4.2 - A Simulation Framework for CPU-GPU Heterogeneous Computing
; Please use command 'm2s --help' for a list of command-line options.
; Simulation alpha-numeric ID: iOxpD


;
; Simulation Statistics Summary
;

[ General ]
RealTime = 1320.65 [s]
SimEnd = x86MaxInst
SimTime = 541443526.00 [ns]
Frequency = 1000 [MHz]
Cycles = 541443527

[ x86 ]
RealTime = 1320.65 [s]
Instructions = 160595316
InstructionsPerSecond = 121604
Contexts = 1
Memory = 14180352
FastForwardInstructions = 0
CommittedInstructions = 100000000
CommittedInstructionsPerCycle = 0.1847
CommittedMicroInstructions = 179414336
CommittedMicroInstructionsPerCycle = 0.3314
BranchPredictionAccuracy = 0.8936
SimTime = 541443258.00 [ns]
Frequency = 1000 [MHz]
Cycles = 541443258
CyclesPerSecond = 409983

