
; Multi2Sim 4.2 - A Simulation Framework for CPU-GPU Heterogeneous Computing
; Please use command 'm2s --help' for a list of command-line options.
; Simulation alpha-numeric ID: FNCEI


;
; Simulation Statistics Summary
;

[ General ]
RealTime = 1001.98 [s]
SimEnd = x86MaxInst
SimTime = 385430919.00 [ns]
Frequency = 1000 [MHz]
Cycles = 385430920

[ x86 ]
RealTime = 1001.96 [s]
Instructions = 123954225
InstructionsPerSecond = 123711
Contexts = 1
Memory = 13307904
FastForwardInstructions = 0
CommittedInstructions = 100000002
CommittedInstructionsPerCycle = 0.2594
CommittedMicroInstructions = 184102365
CommittedMicroInstructionsPerCycle = 0.4777
BranchPredictionAccuracy = 0.9769
SimTime = 385430918.00 [ns]
Frequency = 1000 [MHz]
Cycles = 385430918
CyclesPerSecond = 384676

