
; Multi2Sim 4.2 - A Simulation Framework for CPU-GPU Heterogeneous Computing
; Please use command 'm2s --help' for a list of command-line options.
; Simulation alpha-numeric ID: d1G3N


;
; Simulation Statistics Summary
;

[ General ]
RealTime = 1334.22 [s]
SimEnd = x86MaxInst
SimTime = 541463659.00 [ns]
Frequency = 1000 [MHz]
Cycles = 541463660

[ x86 ]
RealTime = 1334.21 [s]
Instructions = 160608260
InstructionsPerSecond = 120377
Contexts = 1
Memory = 14180352
FastForwardInstructions = 0
CommittedInstructions = 100000000
CommittedInstructionsPerCycle = 0.1847
CommittedMicroInstructions = 179414336
CommittedMicroInstructionsPerCycle = 0.3314
BranchPredictionAccuracy = 0.8936
SimTime = 541463391.00 [ns]
Frequency = 1000 [MHz]
Cycles = 541463391
CyclesPerSecond = 405830

