
; Multi2Sim 4.2 - A Simulation Framework for CPU-GPU Heterogeneous Computing
; Please use command 'm2s --help' for a list of command-line options.
; Simulation alpha-numeric ID: i5i5T


;
; Simulation Statistics Summary
;

[ General ]
RealTime = 1004.65 [s]
SimEnd = x86MaxInst
SimTime = 386476228.00 [ns]
Frequency = 1000 [MHz]
Cycles = 386476229

[ x86 ]
RealTime = 1004.65 [s]
Instructions = 126067885
InstructionsPerSecond = 125484
Contexts = 1
Memory = 13307904
FastForwardInstructions = 0
CommittedInstructions = 100000002
CommittedInstructionsPerCycle = 0.2587
CommittedMicroInstructions = 184102365
CommittedMicroInstructionsPerCycle = 0.4764
BranchPredictionAccuracy = 0.9751
SimTime = 386476227.00 [ns]
Frequency = 1000 [MHz]
Cycles = 386476227
CyclesPerSecond = 384687

