
; Multi2Sim 4.2 - A Simulation Framework for CPU-GPU Heterogeneous Computing
; Please use command 'm2s --help' for a list of command-line options.
; Simulation alpha-numeric ID: 4MU4P


;
; Simulation Statistics Summary
;

[ General ]
RealTime = 1315.95 [s]
SimEnd = x86MaxInst
SimTime = 542353224.00 [ns]
Frequency = 1000 [MHz]
Cycles = 542353225

[ x86 ]
RealTime = 1315.95 [s]
Instructions = 163416029
InstructionsPerSecond = 124181
Contexts = 1
Memory = 14180352
FastForwardInstructions = 0
CommittedInstructions = 100000000
CommittedInstructionsPerCycle = 0.1844
CommittedMicroInstructions = 179414336
CommittedMicroInstructionsPerCycle = 0.3308
BranchPredictionAccuracy = 0.8903
SimTime = 542352956.00 [ns]
Frequency = 1000 [MHz]
Cycles = 542352956
CyclesPerSecond = 412137

