
; Multi2Sim 4.2 - A Simulation Framework for CPU-GPU Heterogeneous Computing
; Please use command 'm2s --help' for a list of command-line options.
; Simulation alpha-numeric ID: EcQNt


;
; Simulation Statistics Summary
;

[ General ]
RealTime = 1007.80 [s]
SimEnd = x86MaxInst
SimTime = 386428687.00 [ns]
Frequency = 1000 [MHz]
Cycles = 386428688

[ x86 ]
RealTime = 1007.80 [s]
Instructions = 124587788
InstructionsPerSecond = 123624
Contexts = 1
Memory = 13307904
FastForwardInstructions = 0
CommittedInstructions = 100000002
CommittedInstructionsPerCycle = 0.2588
CommittedMicroInstructions = 184102365
CommittedMicroInstructionsPerCycle = 0.4764
BranchPredictionAccuracy = 0.9763
SimTime = 386428686.00 [ns]
Frequency = 1000 [MHz]
Cycles = 386428686
CyclesPerSecond = 383439

