
; Multi2Sim 4.2 - A Simulation Framework for CPU-GPU Heterogeneous Computing
; Please use command 'm2s --help' for a list of command-line options.
; Simulation alpha-numeric ID: 4KXLN


;
; Simulation Statistics Summary
;

[ General ]
RealTime = 1334.32 [s]
SimEnd = x86MaxInst
SimTime = 541531640.00 [ns]
Frequency = 1000 [MHz]
Cycles = 541531641

[ x86 ]
RealTime = 1334.32 [s]
Instructions = 160621567
InstructionsPerSecond = 120377
Contexts = 1
Memory = 14180352
FastForwardInstructions = 0
CommittedInstructions = 100000000
CommittedInstructionsPerCycle = 0.1847
CommittedMicroInstructions = 179414336
CommittedMicroInstructionsPerCycle = 0.3313
BranchPredictionAccuracy = 0.8936
SimTime = 541531372.00 [ns]
Frequency = 1000 [MHz]
Cycles = 541531372
CyclesPerSecond = 405849

