
; Multi2Sim 4.2 - A Simulation Framework for CPU-GPU Heterogeneous Computing
; Please use command 'm2s --help' for a list of command-line options.
; Simulation alpha-numeric ID: pofhp


;
; Simulation Statistics Summary
;

[ General ]
RealTime = 1323.84 [s]
SimEnd = x86MaxInst
SimTime = 542389184.00 [ns]
Frequency = 1000 [MHz]
Cycles = 542389185

[ x86 ]
RealTime = 1323.84 [s]
Instructions = 163397955
InstructionsPerSecond = 123428
Contexts = 1
Memory = 14180352
FastForwardInstructions = 0
CommittedInstructions = 100000000
CommittedInstructionsPerCycle = 0.1844
CommittedMicroInstructions = 179414336
CommittedMicroInstructionsPerCycle = 0.3308
BranchPredictionAccuracy = 0.8903
SimTime = 542388916.00 [ns]
Frequency = 1000 [MHz]
Cycles = 542388916
CyclesPerSecond = 409710

