
; Multi2Sim 4.2 - A Simulation Framework for CPU-GPU Heterogeneous Computing
; Please use command 'm2s --help' for a list of command-line options.
; Simulation alpha-numeric ID: hCWpz


;
; Simulation Statistics Summary
;

[ General ]
RealTime = 1338.12 [s]
SimEnd = x86MaxInst
SimTime = 541559608.00 [ns]
Frequency = 1000 [MHz]
Cycles = 541559609

[ x86 ]
RealTime = 1338.11 [s]
Instructions = 160601206
InstructionsPerSecond = 120021
Contexts = 1
Memory = 14180352
FastForwardInstructions = 0
CommittedInstructions = 100000000
CommittedInstructionsPerCycle = 0.1847
CommittedMicroInstructions = 179414336
CommittedMicroInstructionsPerCycle = 0.3313
BranchPredictionAccuracy = 0.8936
SimTime = 541559340.00 [ns]
Frequency = 1000 [MHz]
Cycles = 541559340
CyclesPerSecond = 404721

