
; Multi2Sim 4.2 - A Simulation Framework for CPU-GPU Heterogeneous Computing
; Please use command 'm2s --help' for a list of command-line options.
; Simulation alpha-numeric ID: QY5FI


;
; Simulation Statistics Summary
;

[ General ]
RealTime = 908.86 [s]
SimEnd = x86MaxInst
SimTime = 387039055.00 [ns]
Frequency = 1000 [MHz]
Cycles = 387039056

[ x86 ]
RealTime = 908.85 [s]
Instructions = 126021936
InstructionsPerSecond = 138660
Contexts = 1
Memory = 13307904
FastForwardInstructions = 0
CommittedInstructions = 100000002
CommittedInstructionsPerCycle = 0.2584
CommittedMicroInstructions = 184102365
CommittedMicroInstructionsPerCycle = 0.4757
BranchPredictionAccuracy = 0.9748
SimTime = 387039054.00 [ns]
Frequency = 1000 [MHz]
Cycles = 387039054
CyclesPerSecond = 425853

