
; Multi2Sim 4.2 - A Simulation Framework for CPU-GPU Heterogeneous Computing
; Please use command 'm2s --help' for a list of command-line options.
; Simulation alpha-numeric ID: va3al


;
; Simulation Statistics Summary
;

[ General ]
RealTime = 1360.01 [s]
SimEnd = x86MaxInst
SimTime = 542252745.00 [ns]
Frequency = 1000 [MHz]
Cycles = 542252746

[ x86 ]
RealTime = 1360.01 [s]
Instructions = 163054214
InstructionsPerSecond = 119892
Contexts = 1
Memory = 14180352
FastForwardInstructions = 0
CommittedInstructions = 100000000
CommittedInstructionsPerCycle = 0.1844
CommittedMicroInstructions = 179414336
CommittedMicroInstructionsPerCycle = 0.3309
BranchPredictionAccuracy = 0.89
SimTime = 542252477.00 [ns]
Frequency = 1000 [MHz]
Cycles = 542252477
CyclesPerSecond = 398712

