
; Multi2Sim 4.2 - A Simulation Framework for CPU-GPU Heterogeneous Computing
; Please use command 'm2s --help' for a list of command-line options.
; Simulation alpha-numeric ID: FbMLr


;
; Simulation Statistics Summary
;

[ General ]
RealTime = 1356.73 [s]
SimEnd = x86MaxInst
SimTime = 548894355.00 [ns]
Frequency = 1000 [MHz]
Cycles = 548894356

[ x86 ]
RealTime = 1356.72 [s]
Instructions = 165078524
InstructionsPerSecond = 121674
Contexts = 1
Memory = 14180352
FastForwardInstructions = 0
CommittedInstructions = 100000000
CommittedInstructionsPerCycle = 0.1822
CommittedMicroInstructions = 179414336
CommittedMicroInstructionsPerCycle = 0.3269
BranchPredictionAccuracy = 0.887
SimTime = 548894087.00 [ns]
Frequency = 1000 [MHz]
Cycles = 548894087
CyclesPerSecond = 404573

