
; Multi2Sim 4.2 - A Simulation Framework for CPU-GPU Heterogeneous Computing
; Please use command 'm2s --help' for a list of command-line options.
; Simulation alpha-numeric ID: 8Ok9q


;
; Simulation Statistics Summary
;

[ General ]
RealTime = 932.63 [s]
SimEnd = x86MaxInst
SimTime = 386302052.00 [ns]
Frequency = 1000 [MHz]
Cycles = 386302053

[ x86 ]
RealTime = 932.63 [s]
Instructions = 126220665
InstructionsPerSecond = 135339
Contexts = 1
Memory = 13307904
FastForwardInstructions = 0
CommittedInstructions = 100000002
CommittedInstructionsPerCycle = 0.2589
CommittedMicroInstructions = 184102365
CommittedMicroInstructionsPerCycle = 0.4766
BranchPredictionAccuracy = 0.9748
SimTime = 386302051.00 [ns]
Frequency = 1000 [MHz]
Cycles = 386302051
CyclesPerSecond = 414209

