
; Multi2Sim 4.2 - A Simulation Framework for CPU-GPU Heterogeneous Computing
; Please use command 'm2s --help' for a list of command-line options.
; Simulation alpha-numeric ID: NfQUY


;
; Simulation Statistics Summary
;

[ General ]
RealTime = 1311.01 [s]
SimEnd = x86MaxInst
SimTime = 542451137.00 [ns]
Frequency = 1000 [MHz]
Cycles = 542451138

[ x86 ]
RealTime = 1311.00 [s]
Instructions = 161034956
InstructionsPerSecond = 122833
Contexts = 1
Memory = 14180352
FastForwardInstructions = 0
CommittedInstructions = 100000000
CommittedInstructionsPerCycle = 0.1843
CommittedMicroInstructions = 179414336
CommittedMicroInstructionsPerCycle = 0.3307
BranchPredictionAccuracy = 0.8924
SimTime = 542450869.00 [ns]
Frequency = 1000 [MHz]
Cycles = 542450869
CyclesPerSecond = 413767

