
; Multi2Sim 4.2 - A Simulation Framework for CPU-GPU Heterogeneous Computing
; Please use command 'm2s --help' for a list of command-line options.
; Simulation alpha-numeric ID: wR6RZ


;
; Simulation Statistics Summary
;

[ General ]
RealTime = 1339.25 [s]
SimEnd = x86MaxInst
SimTime = 543951039.00 [ns]
Frequency = 1000 [MHz]
Cycles = 543951040

[ x86 ]
RealTime = 1339.25 [s]
Instructions = 162884896
InstructionsPerSecond = 121624
Contexts = 1
Memory = 14180352
FastForwardInstructions = 0
CommittedInstructions = 100000000
CommittedInstructionsPerCycle = 0.1838
CommittedMicroInstructions = 179414336
CommittedMicroInstructionsPerCycle = 0.3298
BranchPredictionAccuracy = 0.8907
SimTime = 543950771.00 [ns]
Frequency = 1000 [MHz]
Cycles = 543950771
CyclesPerSecond = 406160

