
; Multi2Sim 4.2 - A Simulation Framework for CPU-GPU Heterogeneous Computing
; Please use command 'm2s --help' for a list of command-line options.
; Simulation alpha-numeric ID: Aq20O


;
; Simulation Statistics Summary
;

[ General ]
RealTime = 908.85 [s]
SimEnd = x86MaxInst
SimTime = 386734412.00 [ns]
Frequency = 1000 [MHz]
Cycles = 386734413

[ x86 ]
RealTime = 908.85 [s]
Instructions = 126280818
InstructionsPerSecond = 138946
Contexts = 1
Memory = 13307904
FastForwardInstructions = 0
CommittedInstructions = 100000002
CommittedInstructionsPerCycle = 0.2586
CommittedMicroInstructions = 184102365
CommittedMicroInstructionsPerCycle = 0.476
BranchPredictionAccuracy = 0.9747
SimTime = 386734411.00 [ns]
Frequency = 1000 [MHz]
Cycles = 386734411
CyclesPerSecond = 425521

