
; Multi2Sim 4.2 - A Simulation Framework for CPU-GPU Heterogeneous Computing
; Please use command 'm2s --help' for a list of command-line options.
; Simulation alpha-numeric ID: KJrsF


;
; Simulation Statistics Summary
;

[ General ]
RealTime = 1329.67 [s]
SimEnd = x86MaxInst
SimTime = 541145071.00 [ns]
Frequency = 1000 [MHz]
Cycles = 541145072

[ x86 ]
RealTime = 1329.67 [s]
Instructions = 157060891
InstructionsPerSecond = 118120
Contexts = 1
Memory = 14180352
FastForwardInstructions = 0
CommittedInstructions = 100000000
CommittedInstructionsPerCycle = 0.1848
CommittedMicroInstructions = 179414336
CommittedMicroInstructionsPerCycle = 0.3315
BranchPredictionAccuracy = 0.8999
SimTime = 541144803.00 [ns]
Frequency = 1000 [MHz]
Cycles = 541144803
CyclesPerSecond = 406976

