
; Multi2Sim 4.2 - A Simulation Framework for CPU-GPU Heterogeneous Computing
; Please use command 'm2s --help' for a list of command-line options.
; Simulation alpha-numeric ID: 3rVRD


;
; Simulation Statistics Summary
;

[ General ]
RealTime = 1281.49 [s]
SimEnd = x86MaxInst
SimTime = 429826452.00 [ns]
Frequency = 1000 [MHz]
Cycles = 429826453

[ x86 ]
RealTime = 1281.48 [s]
Instructions = 138107838
InstructionsPerSecond = 107772
Contexts = 1
Memory = 13307904
FastForwardInstructions = 0
CommittedInstructions = 100000002
CommittedInstructionsPerCycle = 0.2327
CommittedMicroInstructions = 184102365
CommittedMicroInstructionsPerCycle = 0.4283
BranchPredictionAccuracy = 0.9644
SimTime = 429826451.00 [ns]
Frequency = 1000 [MHz]
Cycles = 429826451
CyclesPerSecond = 335413

