
; Multi2Sim 4.2 - A Simulation Framework for CPU-GPU Heterogeneous Computing
; Please use command 'm2s --help' for a list of command-line options.
; Simulation alpha-numeric ID: Cywlo


;
; Simulation Statistics Summary
;

[ General ]
RealTime = 1328.82 [s]
SimEnd = x86MaxInst
SimTime = 541851760.00 [ns]
Frequency = 1000 [MHz]
Cycles = 541851761

[ x86 ]
RealTime = 1328.82 [s]
Instructions = 160692791
InstructionsPerSecond = 120929
Contexts = 1
Memory = 14180352
FastForwardInstructions = 0
CommittedInstructions = 100000000
CommittedInstructionsPerCycle = 0.1846
CommittedMicroInstructions = 179414308
CommittedMicroInstructionsPerCycle = 0.3311
BranchPredictionAccuracy = 0.893
SimTime = 541851517.00 [ns]
Frequency = 1000 [MHz]
Cycles = 541851517
CyclesPerSecond = 407770

