
; Multi2Sim 4.2 - A Simulation Framework for CPU-GPU Heterogeneous Computing
; Please use command 'm2s --help' for a list of command-line options.
; Simulation alpha-numeric ID: MRUVA


;
; Simulation Statistics Summary
;

[ General ]
RealTime = 883.07 [s]
SimEnd = x86MaxInst
SimTime = 386065788.00 [ns]
Frequency = 1000 [MHz]
Cycles = 386065789

[ x86 ]
RealTime = 883.07 [s]
Instructions = 126223221
InstructionsPerSecond = 142937
Contexts = 1
Memory = 13307904
FastForwardInstructions = 0
CommittedInstructions = 100000002
CommittedInstructionsPerCycle = 0.259
CommittedMicroInstructions = 184102365
CommittedMicroInstructionsPerCycle = 0.4769
BranchPredictionAccuracy = 0.9748
SimTime = 386065787.00 [ns]
Frequency = 1000 [MHz]
Cycles = 386065787
CyclesPerSecond = 437188

