
; Multi2Sim 4.2 - A Simulation Framework for CPU-GPU Heterogeneous Computing
; Please use command 'm2s --help' for a list of command-line options.
; Simulation alpha-numeric ID: deldJ


;
; Simulation Statistics Summary
;

[ General ]
RealTime = 1009.40 [s]
SimEnd = x86MaxInst
SimTime = 387928611.00 [ns]
Frequency = 1000 [MHz]
Cycles = 387928612

[ x86 ]
RealTime = 1009.39 [s]
Instructions = 127365123
InstructionsPerSecond = 126180
Contexts = 1
Memory = 13307904
FastForwardInstructions = 0
CommittedInstructions = 100000002
CommittedInstructionsPerCycle = 0.2578
CommittedMicroInstructions = 184102365
CommittedMicroInstructionsPerCycle = 0.4746
BranchPredictionAccuracy = 0.974
SimTime = 387928610.00 [ns]
Frequency = 1000 [MHz]
Cycles = 387928610
CyclesPerSecond = 384318

