
; Multi2Sim 4.2 - A Simulation Framework for CPU-GPU Heterogeneous Computing
; Please use command 'm2s --help' for a list of command-line options.
; Simulation alpha-numeric ID: U4HgV


;
; Simulation Statistics Summary
;

[ General ]
RealTime = 993.86 [s]
SimEnd = x86MaxInst
SimTime = 376714840.00 [ns]
Frequency = 1000 [MHz]
Cycles = 376714841

[ x86 ]
RealTime = 993.84 [s]
Instructions = 121487194
InstructionsPerSecond = 122240
Contexts = 1
Memory = 13307904
FastForwardInstructions = 0
CommittedInstructions = 100000002
CommittedInstructionsPerCycle = 0.2655
CommittedMicroInstructions = 184102365
CommittedMicroInstructionsPerCycle = 0.4887
BranchPredictionAccuracy = 0.979
SimTime = 376714839.00 [ns]
Frequency = 1000 [MHz]
Cycles = 376714839
CyclesPerSecond = 379048

