
; Multi2Sim 4.2 - A Simulation Framework for CPU-GPU Heterogeneous Computing
; Please use command 'm2s --help' for a list of command-line options.
; Simulation alpha-numeric ID: jtbqa


;
; Simulation Statistics Summary
;

[ General ]
RealTime = 1333.97 [s]
SimEnd = x86MaxInst
SimTime = 542389075.00 [ns]
Frequency = 1000 [MHz]
Cycles = 542389076

[ x86 ]
RealTime = 1333.97 [s]
Instructions = 163397964
InstructionsPerSecond = 122490
Contexts = 1
Memory = 14180352
FastForwardInstructions = 0
CommittedInstructions = 100000000
CommittedInstructionsPerCycle = 0.1844
CommittedMicroInstructions = 179414336
CommittedMicroInstructionsPerCycle = 0.3308
BranchPredictionAccuracy = 0.8903
SimTime = 542388807.00 [ns]
Frequency = 1000 [MHz]
Cycles = 542388807
CyclesPerSecond = 406598

