
; Multi2Sim 4.2 - A Simulation Framework for CPU-GPU Heterogeneous Computing
; Please use command 'm2s --help' for a list of command-line options.
; Simulation alpha-numeric ID: m7wYW


;
; Simulation Statistics Summary
;

[ General ]
RealTime = 1347.60 [s]
SimEnd = x86MaxInst
SimTime = 551025414.00 [ns]
Frequency = 1000 [MHz]
Cycles = 551025415

[ x86 ]
RealTime = 1347.59 [s]
Instructions = 162683657
InstructionsPerSecond = 120722
Contexts = 1
Memory = 14180352
FastForwardInstructions = 0
CommittedInstructions = 100000000
CommittedInstructionsPerCycle = 0.1815
CommittedMicroInstructions = 179414336
CommittedMicroInstructionsPerCycle = 0.3256
BranchPredictionAccuracy = 0.8896
SimTime = 551025146.00 [ns]
Frequency = 1000 [MHz]
Cycles = 551025146
CyclesPerSecond = 408895

