
; Multi2Sim 4.2 - A Simulation Framework for CPU-GPU Heterogeneous Computing
; Please use command 'm2s --help' for a list of command-line options.
; Simulation alpha-numeric ID: cSqW3


;
; Simulation Statistics Summary
;

[ General ]
RealTime = 908.33 [s]
SimEnd = x86MaxInst
SimTime = 387384802.00 [ns]
Frequency = 1000 [MHz]
Cycles = 387384803

[ x86 ]
RealTime = 908.32 [s]
Instructions = 126129859
InstructionsPerSecond = 138860
Contexts = 1
Memory = 13307904
FastForwardInstructions = 0
CommittedInstructions = 100000002
CommittedInstructionsPerCycle = 0.2581
CommittedMicroInstructions = 184102365
CommittedMicroInstructionsPerCycle = 0.4752
BranchPredictionAccuracy = 0.9748
SimTime = 387384801.00 [ns]
Frequency = 1000 [MHz]
Cycles = 387384801
CyclesPerSecond = 426483

