
; Multi2Sim 4.2 - A Simulation Framework for CPU-GPU Heterogeneous Computing
; Please use command 'm2s --help' for a list of command-line options.
; Simulation alpha-numeric ID: w1NlE


;
; Simulation Statistics Summary
;

[ General ]
RealTime = 1357.36 [s]
SimEnd = x86MaxInst
SimTime = 542265200.00 [ns]
Frequency = 1000 [MHz]
Cycles = 542265201

[ x86 ]
RealTime = 1357.36 [s]
Instructions = 163066319
InstructionsPerSecond = 120135
Contexts = 1
Memory = 14180352
FastForwardInstructions = 0
CommittedInstructions = 100000000
CommittedInstructionsPerCycle = 0.1844
CommittedMicroInstructions = 179414336
CommittedMicroInstructionsPerCycle = 0.3309
BranchPredictionAccuracy = 0.89
SimTime = 542264932.00 [ns]
Frequency = 1000 [MHz]
Cycles = 542264932
CyclesPerSecond = 399499

