
; Multi2Sim 4.2 - A Simulation Framework for CPU-GPU Heterogeneous Computing
; Please use command 'm2s --help' for a list of command-line options.
; Simulation alpha-numeric ID: tPgKz


;
; Simulation Statistics Summary
;

[ General ]
RealTime = 1321.86 [s]
SimEnd = x86MaxInst
SimTime = 541636335.00 [ns]
Frequency = 1000 [MHz]
Cycles = 541636336

[ x86 ]
RealTime = 1321.85 [s]
Instructions = 160781050
InstructionsPerSecond = 121633
Contexts = 1
Memory = 14180352
FastForwardInstructions = 0
CommittedInstructions = 100000000
CommittedInstructionsPerCycle = 0.1846
CommittedMicroInstructions = 179414336
CommittedMicroInstructionsPerCycle = 0.3312
BranchPredictionAccuracy = 0.8933
SimTime = 541636067.00 [ns]
Frequency = 1000 [MHz]
Cycles = 541636067
CyclesPerSecond = 409755

