
; Multi2Sim 4.2 - A Simulation Framework for CPU-GPU Heterogeneous Computing
; Please use command 'm2s --help' for a list of command-line options.
; Simulation alpha-numeric ID: wjKbw


;
; Simulation Statistics Summary
;

[ General ]
RealTime = 1351.62 [s]
SimEnd = x86MaxInst
SimTime = 542449064.00 [ns]
Frequency = 1000 [MHz]
Cycles = 542449065

[ x86 ]
RealTime = 1351.62 [s]
Instructions = 161083391
InstructionsPerSecond = 119178
Contexts = 1
Memory = 14180352
FastForwardInstructions = 0
CommittedInstructions = 100000000
CommittedInstructionsPerCycle = 0.1843
CommittedMicroInstructions = 179414336
CommittedMicroInstructionsPerCycle = 0.3307
BranchPredictionAccuracy = 0.8924
SimTime = 542448796.00 [ns]
Frequency = 1000 [MHz]
Cycles = 542448796
CyclesPerSecond = 401334

