
; Multi2Sim 4.2 - A Simulation Framework for CPU-GPU Heterogeneous Computing
; Please use command 'm2s --help' for a list of command-line options.
; Simulation alpha-numeric ID: 3rBH7


;
; Simulation Statistics Summary
;

[ General ]
RealTime = 1413.06 [s]
SimEnd = x86MaxInst
SimTime = 472998079.00 [ns]
Frequency = 1000 [MHz]
Cycles = 472998080

[ x86 ]
RealTime = 1413.05 [s]
Instructions = 154913691
InstructionsPerSecond = 109631
Contexts = 1
Memory = 13307904
FastForwardInstructions = 0
CommittedInstructions = 100000002
CommittedInstructionsPerCycle = 0.2114
CommittedMicroInstructions = 184102365
CommittedMicroInstructionsPerCycle = 0.3892
BranchPredictionAccuracy = 0.9484
SimTime = 472998078.00 [ns]
Frequency = 1000 [MHz]
Cycles = 472998078
CyclesPerSecond = 334736

