
; Multi2Sim 4.2 - A Simulation Framework for CPU-GPU Heterogeneous Computing
; Please use command 'm2s --help' for a list of command-line options.
; Simulation alpha-numeric ID: QWnSS


;
; Simulation Statistics Summary
;

[ General ]
RealTime = 916.61 [s]
SimEnd = x86MaxInst
SimTime = 386753014.00 [ns]
Frequency = 1000 [MHz]
Cycles = 386753015

[ x86 ]
RealTime = 916.61 [s]
Instructions = 126065000
InstructionsPerSecond = 137534
Contexts = 1
Memory = 13307904
FastForwardInstructions = 0
CommittedInstructions = 100000002
CommittedInstructionsPerCycle = 0.2586
CommittedMicroInstructions = 184102365
CommittedMicroInstructionsPerCycle = 0.476
BranchPredictionAccuracy = 0.9751
SimTime = 386753013.00 [ns]
Frequency = 1000 [MHz]
Cycles = 386753013
CyclesPerSecond = 421940

