
; Multi2Sim 4.2 - A Simulation Framework for CPU-GPU Heterogeneous Computing
; Please use command 'm2s --help' for a list of command-line options.
; Simulation alpha-numeric ID: L90cv


;
; Simulation Statistics Summary
;

[ General ]
RealTime = 1346.60 [s]
SimEnd = x86MaxInst
SimTime = 547513683.00 [ns]
Frequency = 1000 [MHz]
Cycles = 547513684

[ x86 ]
RealTime = 1346.60 [s]
Instructions = 171128846
InstructionsPerSecond = 127082
Contexts = 1
Memory = 14180352
FastForwardInstructions = 0
CommittedInstructions = 100000000
CommittedInstructionsPerCycle = 0.1826
CommittedMicroInstructions = 179414336
CommittedMicroInstructionsPerCycle = 0.3277
BranchPredictionAccuracy = 0.8745
SimTime = 547513415.00 [ns]
Frequency = 1000 [MHz]
Cycles = 547513415
CyclesPerSecond = 406590

