
; Multi2Sim 4.2 - A Simulation Framework for CPU-GPU Heterogeneous Computing
; Please use command 'm2s --help' for a list of command-line options.
; Simulation alpha-numeric ID: a3P9d


;
; Simulation Statistics Summary
;

[ General ]
RealTime = 1294.97 [s]
SimEnd = x86MaxInst
SimTime = 380316676.00 [ns]
Frequency = 1000 [MHz]
Cycles = 380316677

[ x86 ]
RealTime = 1294.95 [s]
Instructions = 122433299
InstructionsPerSecond = 94547
Contexts = 1
Memory = 13307904
FastForwardInstructions = 0
CommittedInstructions = 100000002
CommittedInstructionsPerCycle = 0.2629
CommittedMicroInstructions = 184102365
CommittedMicroInstructionsPerCycle = 0.4841
BranchPredictionAccuracy = 0.9782
SimTime = 380316675.00 [ns]
Frequency = 1000 [MHz]
Cycles = 380316675
CyclesPerSecond = 293692

