
; Multi2Sim 4.2 - A Simulation Framework for CPU-GPU Heterogeneous Computing
; Please use command 'm2s --help' for a list of command-line options.
; Simulation alpha-numeric ID: 7Y1bd


;
; Simulation Statistics Summary
;

[ General ]
RealTime = 1017.91 [s]
SimEnd = x86MaxInst
SimTime = 385677119.00 [ns]
Frequency = 1000 [MHz]
Cycles = 385677120

[ x86 ]
RealTime = 1017.35 [s]
Instructions = 123973423
InstructionsPerSecond = 121859
Contexts = 1
Memory = 13307904
FastForwardInstructions = 0
CommittedInstructions = 100000002
CommittedInstructionsPerCycle = 0.2593
CommittedMicroInstructions = 184102365
CommittedMicroInstructionsPerCycle = 0.4773
BranchPredictionAccuracy = 0.9767
SimTime = 385677118.00 [ns]
Frequency = 1000 [MHz]
Cycles = 385677118
CyclesPerSecond = 379100

