
; Multi2Sim 4.2 - A Simulation Framework for CPU-GPU Heterogeneous Computing
; Please use command 'm2s --help' for a list of command-line options.
; Simulation alpha-numeric ID: 3rLgm


;
; Simulation Statistics Summary
;

[ General ]
RealTime = 1314.23 [s]
SimEnd = x86MaxInst
SimTime = 414951478.00 [ns]
Frequency = 1000 [MHz]
Cycles = 414951479

[ x86 ]
RealTime = 1314.23 [s]
Instructions = 133546942
InstructionsPerSecond = 101616
Contexts = 1
Memory = 13307904
FastForwardInstructions = 0
CommittedInstructions = 100000002
CommittedInstructionsPerCycle = 0.241
CommittedMicroInstructions = 184102365
CommittedMicroInstructionsPerCycle = 0.4437
BranchPredictionAccuracy = 0.9682
SimTime = 414951477.00 [ns]
Frequency = 1000 [MHz]
Cycles = 414951477
CyclesPerSecond = 315738

