
; Multi2Sim 4.2 - A Simulation Framework for CPU-GPU Heterogeneous Computing
; Please use command 'm2s --help' for a list of command-line options.
; Simulation alpha-numeric ID: KXEvQ


;
; Simulation Statistics Summary
;

[ General ]
RealTime = 1322.72 [s]
SimEnd = x86MaxInst
SimTime = 541578770.00 [ns]
Frequency = 1000 [MHz]
Cycles = 541578771

[ x86 ]
RealTime = 1322.71 [s]
Instructions = 160644334
InstructionsPerSecond = 121451
Contexts = 1
Memory = 14180352
FastForwardInstructions = 0
CommittedInstructions = 100000000
CommittedInstructionsPerCycle = 0.1846
CommittedMicroInstructions = 179414336
CommittedMicroInstructionsPerCycle = 0.3313
BranchPredictionAccuracy = 0.8935
SimTime = 541578502.00 [ns]
Frequency = 1000 [MHz]
Cycles = 541578502
CyclesPerSecond = 409446

