
; Multi2Sim 4.2 - A Simulation Framework for CPU-GPU Heterogeneous Computing
; Please use command 'm2s --help' for a list of command-line options.
; Simulation alpha-numeric ID: D7Y6Q


;
; Simulation Statistics Summary
;

[ General ]
RealTime = 1321.77 [s]
SimEnd = x86MaxInst
SimTime = 541492273.00 [ns]
Frequency = 1000 [MHz]
Cycles = 541492274

[ x86 ]
RealTime = 1321.76 [s]
Instructions = 160612949
InstructionsPerSecond = 121514
Contexts = 1
Memory = 14180352
FastForwardInstructions = 0
CommittedInstructions = 100000000
CommittedInstructionsPerCycle = 0.1847
CommittedMicroInstructions = 179414295
CommittedMicroInstructionsPerCycle = 0.3313
BranchPredictionAccuracy = 0.8936
SimTime = 541492232.00 [ns]
Frequency = 1000 [MHz]
Cycles = 541492232
CyclesPerSecond = 409675

